[ pid=17943 thr=140635949262592 file=ext/nginx/HelperAgent.cpp:574 time=2011-08-03 20:25:30.372 ]: Couldn't forward the HTTP response back to the HTTP client: It seems the user clicked on the 'Stop' button in his browser.
[ pid=21214 thr=140436801513216 file=ext/nginx/HelperAgent.cpp:574 time=2011-08-03 22:04:00.254 ]: Couldn't forward the HTTP response back to the HTTP client: It seems the user clicked on the 'Stop' button in his browser.
[ pid=21258 thr=18243900 file=utils.rb:176 time=2011-08-04 10:03:38.346 ]: *** Exception SignalException in PhusionPassenger::Rack::ApplicationSpawner (SIGTERM) (process 21258, thread #<Thread:0x22cc278>):
	from /home/andy/.passenger/standalone/3.0.7-x86_64-ruby1.8.7-linux-gcc4.5.2-1002/support/lib/phusion_passenger/abstract_server.rb:343:in `select'
	from /home/andy/.passenger/standalone/3.0.7-x86_64-ruby1.8.7-linux-gcc4.5.2-1002/support/lib/phusion_passenger/abstract_server.rb:343:in `server_main_loop'
	from /home/andy/.passenger/standalone/3.0.7-x86_64-ruby1.8.7-linux-gcc4.5.2-1002/support/lib/phusion_passenger/abstract_server.rb:206:in `start_synchronously'
	from /home/andy/.passenger/standalone/3.0.7-x86_64-ruby1.8.7-linux-gcc4.5.2-1002/support/lib/phusion_passenger/abstract_server.rb:180:in `start'
	from /home/andy/.passenger/standalone/3.0.7-x86_64-ruby1.8.7-linux-gcc4.5.2-1002/support/lib/phusion_passenger/rack/application_spawner.rb:128:in `start'
	from /home/andy/.passenger/standalone/3.0.7-x86_64-ruby1.8.7-linux-gcc4.5.2-1002/support/lib/phusion_passenger/spawn_manager.rb:253:in `spawn_rack_application'
	from /home/andy/.passenger/standalone/3.0.7-x86_64-ruby1.8.7-linux-gcc4.5.2-1002/support/lib/phusion_passenger/abstract_server_collection.rb:132:in `lookup_or_add'
	from /home/andy/.passenger/standalone/3.0.7-x86_64-ruby1.8.7-linux-gcc4.5.2-1002/support/lib/phusion_passenger/spawn_manager.rb:246:in `spawn_rack_application'
	from /home/andy/.passenger/standalone/3.0.7-x86_64-ruby1.8.7-linux-gcc4.5.2-1002/support/lib/phusion_passenger/abstract_server_collection.rb:82:in `synchronize'
	from /home/andy/.passenger/standalone/3.0.7-x86_64-ruby1.8.7-linux-gcc4.5.2-1002/support/lib/phusion_passenger/abstract_server_collection.rb:79:in `synchronize'
	from /home/andy/.passenger/standalone/3.0.7-x86_64-ruby1.8.7-linux-gcc4.5.2-1002/support/lib/phusion_passenger/spawn_manager.rb:244:in `spawn_rack_application'
	from /home/andy/.passenger/standalone/3.0.7-x86_64-ruby1.8.7-linux-gcc4.5.2-1002/support/lib/phusion_passenger/spawn_manager.rb:137:in `spawn_application'
	from /home/andy/.passenger/standalone/3.0.7-x86_64-ruby1.8.7-linux-gcc4.5.2-1002/support/lib/phusion_passenger/spawn_manager.rb:275:in `handle_spawn_application'
	from /home/andy/.passenger/standalone/3.0.7-x86_64-ruby1.8.7-linux-gcc4.5.2-1002/support/lib/phusion_passenger/abstract_server.rb:357:in `__send__'
	from /home/andy/.passenger/standalone/3.0.7-x86_64-ruby1.8.7-linux-gcc4.5.2-1002/support/lib/phusion_passenger/abstract_server.rb:357:in `server_main_loop'
	from /home/andy/.passenger/standalone/3.0.7-x86_64-ruby1.8.7-linux-gcc4.5.2-1002/support/lib/phusion_passenger/abstract_server.rb:206:in `start_synchronously'
	from /home/andy/.passenger/standalone/3.0.7-x86_64-ruby1.8.7-linux-gcc4.5.2-1002/support/helper-scripts/passenger-spawn-server:99
[ pid=3872 thr=140563249514240 file=ext/nginx/HelperAgent.cpp:574 time=2011-08-15 21:07:13.797 ]: Couldn't forward the HTTP response back to the HTTP client: It seems the user clicked on the 'Stop' button in his browser.
[ pid=18362 thr=140319087167232 file=ext/nginx/HelperAgent.cpp:574 time=2011-08-16 15:00:21.746 ]: Couldn't forward the HTTP response back to the HTTP client: It seems the user clicked on the 'Stop' button in his browser.
[ pid=18944 thr=140366778578688 file=ext/nginx/HelperAgent.cpp:574 time=2011-08-16 15:21:24.478 ]: Couldn't forward the HTTP response back to the HTTP client: It seems the user clicked on the 'Stop' button in his browser.
[ pid=19051 thr=140089638414080 file=ext/nginx/HelperAgent.cpp:574 time=2011-08-16 15:24:05.547 ]: Couldn't forward the HTTP response back to the HTTP client: It seems the user clicked on the 'Stop' button in his browser.
[ pid=19265 thr=140005491980032 file=ext/nginx/HelperAgent.cpp:574 time=2011-08-16 15:30:02.68 ]: Couldn't forward the HTTP response back to the HTTP client: It seems the user clicked on the 'Stop' button in his browser.
[ pid=19395 thr=140320116356864 file=ext/nginx/HelperAgent.cpp:574 time=2011-08-16 15:33:48.909 ]: Couldn't forward the HTTP response back to the HTTP client: It seems the user clicked on the 'Stop' button in his browser.
[ pid=19498 thr=8266040 file=utils.rb:176 time=2011-08-16 15:35:09.134 ]: *** Exception NoMethodError in PhusionPassenger::Rack::ApplicationSpawner (undefined method `[]=' for nil:NilClass) (process 19498, thread #<Thread:0xfc4270>):
	from /var/www/infinity/config/application.rb:43
	from /var/www/infinity/config/environment.rb:2:in `require'
	from /var/www/infinity/config/environment.rb:2
	from config.ru:3:in `require'
	from config.ru:3
	from /usr/local/lib/ruby/gems/1.8/gems/rack-1.2.2/lib/rack/builder.rb:46:in `instance_eval'
	from /usr/local/lib/ruby/gems/1.8/gems/rack-1.2.2/lib/rack/builder.rb:46:in `initialize'
	from config.ru:1:in `new'
	from config.ru:1
[ pid=19496 thr=140657283360512 file=ext/nginx/HelperAgent.cpp:584 time=2011-08-16 15:35:09.261 ]: Uncaught exception in PassengerServer client thread:
   exception: write() failed: Broken pipe (32)
   backtrace:
     in 'void Client::handleRequest(Passenger::FileDescriptor&)' (HelperAgent.cpp:479)
     in 'void Client::threadMain()' (HelperAgent.cpp:603)

[ pid=19498 thr=8266040 file=utils.rb:176 time=2011-08-16 15:35:20.322 ]: *** Exception NoMethodError in PhusionPassenger::Rack::ApplicationSpawner (undefined method `[]=' for nil:NilClass) (process 19498, thread #<Thread:0xfc4270>):
	from /var/www/infinity/config/application.rb:43
	from /var/www/infinity/config/environment.rb:2:in `require'
	from /var/www/infinity/config/environment.rb:2
	from config.ru:3:in `require'
	from config.ru:3
	from /usr/local/lib/ruby/gems/1.8/gems/rack-1.2.2/lib/rack/builder.rb:46:in `instance_eval'
	from /usr/local/lib/ruby/gems/1.8/gems/rack-1.2.2/lib/rack/builder.rb:46:in `initialize'
	from config.ru:1:in `new'
	from config.ru:1
[ pid=19496 thr=140657282758400 file=ext/nginx/HelperAgent.cpp:574 time=2011-08-16 15:35:51.901 ]: Couldn't forward the HTTP response back to the HTTP client: It seems the user clicked on the 'Stop' button in his browser.
[ pid=19580 thr=140308961470208 file=ext/nginx/HelperAgent.cpp:574 time=2011-08-16 15:35:59.473 ]: Couldn't forward the HTTP response back to the HTTP client: It seems the user clicked on the 'Stop' button in his browser.
[ pid=23028 thr=140217124734720 file=ext/nginx/HelperAgent.cpp:574 time=2011-08-16 20:30:43.672 ]: Couldn't forward the HTTP response back to the HTTP client: It seems the user clicked on the 'Stop' button in his browser.
